2020-07-28 21:21:41.635 | INFO     | __main__:<module>:108 - Cross section residual autocorrelation
2020-07-28 21:21:42.281 | INFO     | __main__:<module>:109 - +-------+----------------------+
|       |          0           |
+-------+----------------------+
| count |        1866.0        |
|  mean | 0.08956055734190782  |
|  std  | 0.054131037798051035 |
|  min  |        -0.091        |
|  25%  |        0.052         |
|  50%  |        0.0885        |
|  75%  |        0.125         |
|  max  |        0.306         |
+-------+----------------------+
2020-07-28 21:23:04.813 | INFO     | __main__:<module>:117 - R2
2020-07-28 21:23:04.817 | INFO     | __main__:<module>:118 - +-------+---------+
|       |    R2   |
+-------+---------+
| count |  1866.0 |
|  mean |  0.0005 |
|  std  |  0.0033 |
|  min  | -0.0158 |
|  25%  | -0.0014 |
|  50%  |  0.0009 |
|  75%  |  0.0028 |
|  max  |  0.0112 |
+-------+---------+
2020-07-28 21:23:04.818 | INFO     | __main__:<module>:119 - Adj R2
2020-07-28 21:23:04.823 | INFO     | __main__:<module>:120 - +-------+---------+
|       |  Adj R2 |
+-------+---------+
| count |  1866.0 |
|  mean |  -0.005 |
|  std  |  0.0033 |
|  min  | -0.0214 |
|  25%  | -0.0069 |
|  50%  | -0.0046 |
|  75%  | -0.0027 |
|  max  |  0.0052 |
+-------+---------+
2020-07-28 21:23:04.823 | INFO     | __main__:<module>:121 - Residual autocorrelation
2020-07-28 21:23:04.831 | INFO     | __main__:<module>:122 - +-------+---------+---------+---------+
|       |   Lag1  |   Lag5  |  Lag20  |
+-------+---------+---------+---------+
| count |  1866.0 |  1866.0 |  1866.0 |
|  mean |   0.1   | -0.0012 |  0.0114 |
|  std  |  0.0518 |  0.0318 |  0.0325 |
|  min  | -0.0544 | -0.0962 | -0.1174 |
|  25%  |  0.0629 | -0.0217 | -0.0089 |
|  50%  |  0.0979 | -0.0014 |  0.0111 |
|  75%  |  0.1337 |  0.0189 |  0.0325 |
|  max  |  0.2823 |  0.1798 |  0.1285 |
+-------+---------+---------+---------+
