2020-07-26 16:38:45.315 | INFO     | __main__:analyze:42 - OLS
2020-07-26 16:38:47.436 | INFO     | __main__:analyze:44 -                             OLS Regression Results                            
==============================================================================
Dep. Variable:                      y   R-squared:                       0.002
Model:                            OLS   Adj. R-squared:                  0.002
Method:                 Least Squares   F-statistic:                     874.3
Date:                Sun, 26 Jul 2020   Prob (F-statistic):               0.00
Time:                        16:38:47   Log-Likelihood:             5.4213e+06
No. Observations:             2715152   AIC:                        -1.084e+07
Df Residuals:                 2715144   BIC:                        -1.084e+07
Df Model:                           7                                         
Covariance Type:            nonrobust                                         
==============================================================================
                 coef    std err          t      P>|t|      [0.025      0.975]
------------------------------------------------------------------------------
const          0.0006      2e-05     30.915      0.000       0.001       0.001
market_cap    -0.0017   2.68e-05    -65.148      0.000      -0.002      -0.002
pe            -0.0001   3.49e-05     -3.872      0.000      -0.000   -6.67e-05
pe_lyr     -2.135e-06   3.06e-05     -0.070      0.944   -6.21e-05    5.78e-05
pb             0.0004   3.81e-05     11.604      0.000       0.000       0.001
ps            -0.0001   3.81e-05     -3.550      0.000      -0.000   -6.06e-05
pcf         1.463e-05   3.23e-05      0.453      0.650   -4.86e-05    7.78e-05
turnover      -0.0001   2.69e-05     -4.943      0.000      -0.000   -8.03e-05
===============================================================================
Omnibus:                 10249969.574   Durbin-Watson:                    1.365
Prob(Omnibus):                  0.000   Jarque-Bera (JB):   266661137027725.094
Skew:                          83.670   Prob(JB):                          0.00
Kurtosis:                   48552.620   Cond. No.                          3.95
===============================================================================

Warnings:
[1] Standard Errors assume that the covariance matrix of the errors is correctly specified.
2020-07-26 16:38:47.443 | INFO     | __main__:analyze:46 - WLS
2020-07-26 16:38:49.711 | INFO     | __main__:analyze:50 -                             WLS Regression Results                            
==============================================================================
Dep. Variable:                      y   R-squared:                       0.002
Model:                            WLS   Adj. R-squared:                  0.002
Method:                 Least Squares   F-statistic:                     890.4
Date:                Sun, 26 Jul 2020   Prob (F-statistic):               0.00
Time:                        16:38:49   Log-Likelihood:             5.3343e+06
No. Observations:             2715152   AIC:                        -1.067e+07
Df Residuals:                 2715144   BIC:                        -1.067e+07
Df Model:                           7                                         
Covariance Type:            nonrobust                                         
==============================================================================
                 coef    std err          t      P>|t|      [0.025      0.975]
------------------------------------------------------------------------------
const          0.0007   1.97e-05     33.581      0.000       0.001       0.001
market_cap    -0.0016    2.6e-05    -61.231      0.000      -0.002      -0.002
pe            -0.0001   3.39e-05     -3.553      0.000      -0.000   -5.41e-05
pe_lyr      1.217e-05   3.01e-05      0.404      0.686   -4.69e-05    7.12e-05
pb             0.0003   3.72e-05      9.333      0.000       0.000       0.000
ps            -0.0003   3.73e-05     -6.896      0.000      -0.000      -0.000
pcf         1.801e-05   3.05e-05      0.590      0.555   -4.18e-05    7.79e-05
turnover   -5.817e-05   2.56e-05     -2.272      0.023      -0.000      -8e-06
===============================================================================
Omnibus:                  9352953.064   Durbin-Watson:                    1.370
Prob(Omnibus):                  0.000   Jarque-Bera (JB):   128846254943582.266
Skew:                          63.073   Prob(JB):                          0.00
Kurtosis:                   33750.485   Cond. No.                          4.21
===============================================================================

Warnings:
[1] Standard Errors assume that the covariance matrix of the errors is correctly specified.
2020-07-26 16:38:49.716 | INFO     | __main__:analyze:52 - Residual standard error
2020-07-26 16:38:49.720 | INFO     | __main__:analyze:56 - +------------+-----------+-----------+
|            | WLS (bps) | OLS (bps) |
+------------+-----------+-----------+
|   const    |   0.197   |    0.2    |
| market_cap |    0.26   |   0.268   |
|     pe     |   0.339   |   0.349   |
|   pe_lyr   |   0.301   |   0.306   |
|     pb     |   0.372   |   0.381   |
|     ps     |   0.373   |   0.381   |
|    pcf     |   0.305   |   0.323   |
|  turnover  |   0.256   |   0.269   |
+------------+-----------+-----------+
2020-07-26 16:38:49.720 | INFO     | __main__:analyze:58 - Residual covariance
2020-07-26 16:38:50.355 | INFO     | __main__:analyze:72 - X auto correlation
2020-07-26 16:38:50.356 | INFO     | __main__:analyze:73 - +------------+-------+--------+--------+
|            |  Lag1 |  Lag5  | Lag20  |
+------------+-------+--------+--------+
| market_cap | 0.486 | 0.473  | 0.469  |
|     pe     | 0.249 | 0.245  | 0.243  |
|   pe_lyr   | 0.232 | 0.235  | 0.248  |
|     pb     |  0.59 | 0.584  | 0.577  |
|     ps     | 0.542 | 0.537  |  0.53  |
|    pcf     | 0.007 | -0.005 | -0.006 |
|  turnover  | 0.313 | 0.311  | 0.301  |
+------------+-------+--------+--------+
2020-07-26 16:38:50.357 | INFO     | __main__:analyze:75 - Y auto correlation
2020-07-26 16:38:50.357 | INFO     | __main__:analyze:76 - +---+-------+-------+-------+
|   |  Lag1 |  Lag5 | Lag20 |
+---+-------+-------+-------+
| 0 | 0.318 | 0.314 |  0.31 |
+---+-------+-------+-------+
2020-07-26 16:38:50.358 | INFO     | __main__:analyze:78 - OLS Residual autocorrelation
2020-07-26 16:38:50.358 | INFO     | __main__:analyze:79 - +---+-------+-------+-------+
|   |  Lag1 |  Lag5 | Lag20 |
+---+-------+-------+-------+
| 0 | 0.317 | 0.314 | 0.309 |
+---+-------+-------+-------+
2020-07-26 16:38:50.358 | INFO     | __main__:analyze:81 - WLS Residual autocorrelation
2020-07-26 16:38:50.359 | INFO     | __main__:analyze:82 - +---+-------+-------+-------+
|   |  Lag1 |  Lag5 | Lag20 |
+---+-------+-------+-------+
| 0 | 0.317 | 0.314 | 0.309 |
+---+-------+-------+-------+
