2020-07-26 16:08:19.179 | INFO     | __main__:analyze:39 - OLS
2020-07-26 16:12:12.997 | INFO     | __main__:analyze:39 - OLS
2020-07-26 16:12:15.132 | INFO     | __main__:analyze:41 -                             OLS Regression Results                            
==============================================================================
Dep. Variable:                      y   R-squared:                       0.015
Model:                            OLS   Adj. R-squared:                  0.015
Method:                 Least Squares   F-statistic:                     5755.
Date:                Sun, 26 Jul 2020   Prob (F-statistic):               0.00
Time:                        16:12:15   Log-Likelihood:             5.4386e+06
No. Observations:             2715293   AIC:                        -1.088e+07
Df Residuals:                 2715285   BIC:                        -1.088e+07
Df Model:                           7                                         
Covariance Type:            nonrobust                                         
==============================================================================
                 coef    std err          t      P>|t|      [0.025      0.975]
------------------------------------------------------------------------------
const          0.0009   1.99e-05     45.454      0.000       0.001       0.001
market_cap     0.0004   2.67e-05     15.118      0.000       0.000       0.000
pe          4.692e-05   3.47e-05      1.353      0.176    -2.1e-05       0.000
pe_lyr         0.0002   3.04e-05      5.258      0.000       0.000       0.000
pb             0.0001   3.79e-05      3.167      0.002    4.58e-05       0.000
ps            -0.0003   3.79e-05     -7.100      0.000      -0.000      -0.000
pcf         2.041e-05   3.21e-05      0.637      0.524   -4.24e-05    8.32e-05
turnover       0.0049   2.68e-05    181.272      0.000       0.005       0.005
===============================================================================
Omnibus:                 10293147.000   Durbin-Watson:                    1.359
Prob(Omnibus):                  0.000   Jarque-Bera (JB):   278725856653315.688
Skew:                          84.766   Prob(JB):                          0.00
Kurtosis:                   49637.468   Cond. No.                          3.95
===============================================================================

Warnings:
[1] Standard Errors assume that the covariance matrix of the errors is correctly specified.
2020-07-26 16:12:15.139 | INFO     | __main__:analyze:43 - WLS
2020-07-26 16:12:17.469 | INFO     | __main__:analyze:47 -                             WLS Regression Results                            
==============================================================================
Dep. Variable:                      y   R-squared:                       0.014
Model:                            WLS   Adj. R-squared:                  0.014
Method:                 Least Squares   F-statistic:                     5595.
Date:                Sun, 26 Jul 2020   Prob (F-statistic):               0.00
Time:                        16:12:17   Log-Likelihood:             5.0993e+06
No. Observations:             2715293   AIC:                        -1.020e+07
Df Residuals:                 2715285   BIC:                        -1.020e+07
Df Model:                           7                                         
Covariance Type:            nonrobust                                         
==============================================================================
                 coef    std err          t      P>|t|      [0.025      0.975]
------------------------------------------------------------------------------
const          0.0009   2.15e-05     43.328      0.000       0.001       0.001
market_cap     0.0006   2.84e-05     19.849      0.000       0.001       0.001
pe             0.0001    3.7e-05      2.984      0.003    3.79e-05       0.000
pe_lyr         0.0002   3.28e-05      5.347      0.000       0.000       0.000
pb            -0.0002   4.06e-05     -3.726      0.000      -0.000   -7.17e-05
ps            -0.0002   4.07e-05     -6.014      0.000      -0.000      -0.000
pcf          1.98e-05   3.33e-05      0.595      0.552   -4.55e-05    8.51e-05
turnover       0.0050   2.79e-05    178.100      0.000       0.005       0.005
================================================================================
Omnibus:                 13461200.442   Durbin-Watson:                     1.478
Prob(Omnibus):                  0.000   Jarque-Bera (JB):   3093941242949056.500
Skew:                         207.999   Prob(JB):                           0.00
Kurtosis:                  165371.173   Cond. No.                           4.21
================================================================================

Warnings:
[1] Standard Errors assume that the covariance matrix of the errors is correctly specified.
2020-07-26 16:12:17.474 | INFO     | __main__:analyze:49 - Residual standard error
2020-07-26 16:12:17.478 | INFO     | __main__:analyze:53 - +------------+-----------+-----------+
|            | WLS (bps) | OLS (bps) |
+------------+-----------+-----------+
|   const    |   0.215   |   0.199   |
| market_cap |   0.284   |   0.267   |
|     pe     |    0.37   |   0.347   |
|   pe_lyr   |   0.328   |   0.304   |
|     pb     |   0.406   |   0.379   |
|     ps     |   0.407   |   0.379   |
|    pcf     |   0.333   |   0.321   |
|  turnover  |   0.279   |   0.268   |
+------------+-----------+-----------+
2020-07-26 16:12:17.479 | INFO     | __main__:analyze:55 - Residual covariance
2020-07-26 16:12:18.104 | INFO     | __main__:analyze:69 - X auto correlation
2020-07-26 16:12:18.105 | INFO     | __main__:analyze:70 - +------------+-------+--------+--------+
|            |  Lag1 |  Lag5  | Lag20  |
+------------+-------+--------+--------+
| market_cap | 0.486 | 0.472  | 0.468  |
|     pe     | 0.249 | 0.245  | 0.243  |
|   pe_lyr   | 0.232 | 0.235  | 0.248  |
|     pb     |  0.59 | 0.584  | 0.577  |
|     ps     | 0.542 | 0.537  |  0.53  |
|    pcf     | 0.007 | -0.005 | -0.006 |
|  turnover  | 0.313 | 0.311  | 0.301  |
+------------+-------+--------+--------+
2020-07-26 16:12:18.106 | INFO     | __main__:analyze:72 - Y auto correlation
2020-07-26 16:12:18.106 | INFO     | __main__:analyze:73 - +---+-------+-------+-------+
|   |  Lag1 |  Lag5 | Lag20 |
+---+-------+-------+-------+
| 0 | 0.318 | 0.314 |  0.31 |
+---+-------+-------+-------+
2020-07-26 16:12:18.106 | INFO     | __main__:analyze:75 - OLS Residual autocorrelation
2020-07-26 16:12:18.107 | INFO     | __main__:analyze:76 - +---+-------+-------+-------+
|   |  Lag1 |  Lag5 | Lag20 |
+---+-------+-------+-------+
| 0 | 0.321 | 0.317 | 0.312 |
+---+-------+-------+-------+
2020-07-26 16:12:18.107 | INFO     | __main__:analyze:78 - WLS Residual autocorrelation
2020-07-26 16:12:18.108 | INFO     | __main__:analyze:79 - +---+-------+-------+-------+
|   |  Lag1 |  Lag5 | Lag20 |
+---+-------+-------+-------+
| 0 | 0.321 | 0.317 | 0.312 |
+---+-------+-------+-------+
