2020-07-27 14:51:25.419 | INFO     | __main__:sample_analysis:41 - Security is: 300203.XSHE
2020-07-27 14:51:25.440 | INFO     | __main__:sample_analysis:46 -                             OLS Regression Results                            
==============================================================================
Dep. Variable:                      y   R-squared:                       0.005
Model:                            OLS   Adj. R-squared:                  0.001
Method:                 Least Squares   F-statistic:                     1.136
Date:                Mon, 27 Jul 2020   Prob (F-statistic):              0.338
Time:                        14:51:25   Log-Likelihood:                 3226.1
No. Observations:                1463   AIC:                            -6436.
Df Residuals:                    1455   BIC:                            -6394.
Df Model:                           7                                         
Covariance Type:            nonrobust                                         
==============================================================================
                 coef    std err          t      P>|t|      [0.025      0.975]
------------------------------------------------------------------------------
const          0.0005      0.001      0.737      0.461      -0.001       0.002
market_cap    -0.0010      0.003     -0.393      0.695      -0.006       0.004
pe             0.0057      0.004      1.280      0.201      -0.003       0.014
pe_lyr         0.0032      0.003      1.114      0.265      -0.002       0.009
pb            -0.0028      0.005     -0.584      0.559      -0.012       0.007
ps            -0.0055      0.005     -1.155      0.248      -0.015       0.004
pcf            0.0010      0.001      0.832      0.405      -0.001       0.003
turnover       0.0003      0.001      0.265      0.791      -0.002       0.002
==============================================================================
Omnibus:                       90.439   Durbin-Watson:                   1.958
Prob(Omnibus):                  0.000   Jarque-Bera (JB):              364.082
Skew:                          -0.102   Prob(JB):                     8.72e-80
Kurtosis:                       5.435   Cond. No.                         18.1
==============================================================================

Warnings:
[1] Standard Errors assume that the covariance matrix of the errors is correctly specified.
2020-07-27 14:51:25.450 | INFO     | __main__:sample_analysis:54 - Covariance (bps)
2020-07-27 14:51:25.453 | INFO     | __main__:sample_analysis:55 - +---+--------+--------+--------+--------+--------+--------+--------+--------+
|   |   0    |   1    |   2    |   3    |   4    |   5    |   6    |   7    |
+---+--------+--------+--------+--------+--------+--------+--------+--------+
| 0 | 0.005  | 0.003  | 0.003  | 0.003  | -0.005 | -0.002 | -0.002 | 0.002  |
| 1 | 0.003  | 0.068  | 0.033  | -0.006 | -0.113 | 0.049  | 0.001  | 0.011  |
| 2 | 0.003  | 0.033  | 0.216  | -0.027 | -0.055 | -0.155 | -0.004 | 0.018  |
| 3 | 0.003  | -0.006 | -0.027 | 0.071  | -0.014 | -0.026 | -0.005 | -0.01  |
| 4 | -0.005 | -0.113 | -0.055 | -0.014 | 0.221  | -0.09  | -0.01  | -0.011 |
| 5 | -0.002 | 0.049  | -0.155 | -0.026 | -0.09  | 0.254  | 0.024  | -0.003 |
| 6 | -0.002 | 0.001  | -0.004 | -0.005 | -0.01  | 0.024  |  0.02  | -0.001 |
| 7 | 0.002  | 0.011  | 0.018  | -0.01  | -0.011 | -0.003 | -0.001 | 0.013  |
+---+--------+--------+--------+--------+--------+--------+--------+--------+
2020-07-27 14:51:25.456 | INFO     | __main__:sample_analysis:57 - Residual autocorrelation
2020-07-27 14:51:25.456 | INFO     | __main__:sample_analysis:58 - +---+-------+-------+-------+
|   |  Lag1 |  Lag5 | Lag20 |
+---+-------+-------+-------+
| 0 | 0.021 | 0.018 | 0.005 |
+---+-------+-------+-------+
2020-07-27 14:51:25.457 | INFO     | __main__:sample_analysis:41 - Security is: 300321.XSHE
2020-07-27 14:51:25.466 | INFO     | __main__:sample_analysis:46 -                             OLS Regression Results                            
==============================================================================
Dep. Variable:                      y   R-squared:                       0.006
Model:                            OLS   Adj. R-squared:                  0.001
Method:                 Least Squares   F-statistic:                     1.309
Date:                Mon, 27 Jul 2020   Prob (F-statistic):              0.242
Time:                        14:51:25   Log-Likelihood:                 2944.9
No. Observations:                1463   AIC:                            -5874.
Df Residuals:                    1455   BIC:                            -5832.
Df Model:                           7                                         
Covariance Type:            nonrobust                                         
==============================================================================
                 coef    std err          t      P>|t|      [0.025      0.975]
------------------------------------------------------------------------------
const          0.0002      0.001      0.182      0.856      -0.002       0.002
market_cap    -0.0032      0.003     -1.074      0.283      -0.009       0.003
pe            -0.0026      0.003     -0.752      0.452      -0.009       0.004
pe_lyr         0.0020      0.005      0.406      0.685      -0.008       0.012
pb             0.0082      0.010      0.853      0.394      -0.011       0.027
ps            -0.0056      0.008     -0.732      0.464      -0.021       0.009
pcf            0.0012      0.002      0.556      0.578      -0.003       0.006
turnover      -0.0017      0.002     -1.087      0.277      -0.005       0.001
==============================================================================
Omnibus:                       98.578   Durbin-Watson:                   1.778
Prob(Omnibus):                  0.000   Jarque-Bera (JB):              344.296
Skew:                          -0.250   Prob(JB):                     1.73e-75
Kurtosis:                       5.323   Cond. No.                         30.9
==============================================================================

Warnings:
[1] Standard Errors assume that the covariance matrix of the errors is correctly specified.
2020-07-27 14:51:25.474 | INFO     | __main__:sample_analysis:54 - Covariance (bps)
2020-07-27 14:51:25.478 | INFO     | __main__:sample_analysis:55 - +---+--------+--------+--------+--------+--------+--------+--------+--------+
|   |   0    |   1    |   2    |   3    |   4    |   5    |   6    |   7    |
+---+--------+--------+--------+--------+--------+--------+--------+--------+
| 0 |  0.01  | 0.005  | 0.007  | 0.013  | -0.015 | -0.007 | -0.014 | 0.005  |
| 1 | 0.005  | 0.242  | 0.074  | -0.195 | 0.512  | -0.584 | 0.081  | 0.048  |
| 2 | 0.007  | 0.074  | 0.133  | -0.081 | 0.131  | -0.245 | -0.019 | 0.019  |
| 3 | 0.013  | -0.195 | -0.081 | 0.468  | -0.922 | 0.708  |  -0.1  | -0.004 |
| 4 | -0.015 | 0.512  | 0.131  | -0.922 | 2.331  | -1.919 | 0.307  | -0.021 |
| 5 | -0.007 | -0.584 | -0.245 | 0.708  | -1.919 | 1.896  | -0.243 | -0.041 |
| 6 | -0.014 | 0.081  | -0.019 |  -0.1  | 0.307  | -0.243 | 0.119  | 0.006  |
| 7 | 0.005  | 0.048  | 0.019  | -0.004 | -0.021 | -0.041 | 0.006  | 0.038  |
+---+--------+--------+--------+--------+--------+--------+--------+--------+
2020-07-27 14:51:25.480 | INFO     | __main__:sample_analysis:57 - Residual autocorrelation
2020-07-27 14:51:25.481 | INFO     | __main__:sample_analysis:58 - +---+-------+------+--------+
|   |  Lag1 | Lag5 | Lag20  |
+---+-------+------+--------+
| 0 | 0.111 | -0.0 | -0.008 |
+---+-------+------+--------+
2020-07-27 14:51:25.482 | INFO     | __main__:sample_analysis:41 - Security is: 300386.XSHE
2020-07-27 14:51:25.490 | INFO     | __main__:sample_analysis:46 -                             OLS Regression Results                            
==============================================================================
Dep. Variable:                      y   R-squared:                       0.028
Model:                            OLS   Adj. R-squared:                  0.023
Method:                 Least Squares   F-statistic:                     5.508
Date:                Mon, 27 Jul 2020   Prob (F-statistic):           2.92e-06
Time:                        14:51:25   Log-Likelihood:                 2482.3
No. Observations:                1347   AIC:                            -4949.
Df Residuals:                    1339   BIC:                            -4907.
Df Model:                           7                                         
Covariance Type:            nonrobust                                         
==============================================================================
                 coef    std err          t      P>|t|      [0.025      0.975]
------------------------------------------------------------------------------
const          0.0004      0.001      0.344      0.731      -0.002       0.002
market_cap    -0.0099      0.002     -4.464      0.000      -0.014      -0.006
pe             0.0031      0.003      1.034      0.301      -0.003       0.009
pe_lyr        -0.0062      0.003     -2.441      0.015      -0.011      -0.001
pb            -0.0105      0.006     -1.710      0.087      -0.022       0.002
ps             0.0160      0.007      2.313      0.021       0.002       0.029
pcf            0.0048      0.002      1.948      0.052   -3.47e-05       0.010
turnover      -0.0002      0.002     -0.105      0.917      -0.003       0.003
==============================================================================
Omnibus:                       29.283   Durbin-Watson:                   1.835
Prob(Omnibus):                  0.000   Jarque-Bera (JB):               56.166
Skew:                           0.102   Prob(JB):                     6.36e-13
Kurtosis:                       3.979   Cond. No.                         16.7
==============================================================================

Warnings:
[1] Standard Errors assume that the covariance matrix of the errors is correctly specified.
2020-07-27 14:51:25.500 | INFO     | __main__:sample_analysis:54 - Covariance (bps)
2020-07-27 14:51:25.504 | INFO     | __main__:sample_analysis:55 - +---+--------+--------+--------+--------+--------+--------+--------+--------+
|   |   0    |   1    |   2    |   3    |   4    |   5    |   6    |   7    |
+---+--------+--------+--------+--------+--------+--------+--------+--------+
| 0 | 0.013  | 0.007  | -0.003 | -0.004 | 0.016  | -0.015 | -0.006 | 0.002  |
| 1 | 0.007  | 0.088  | -0.053 | -0.003 | 0.082  | -0.086 | 0.008  | -0.007 |
| 2 | -0.003 | -0.053 | 0.106  | -0.043 | 0.106  | -0.109 | 0.024  | 0.004  |
| 3 | -0.004 | -0.003 | -0.043 | 0.072  | -0.082 | 0.056  | -0.05  | 0.001  |
| 4 | 0.016  | 0.082  | 0.106  | -0.082 | 0.562  | -0.563 | 0.049  | -0.031 |
| 5 | -0.015 | -0.086 | -0.109 | 0.056  | -0.563 | 0.603  | -0.036 | 0.015  |
| 6 | -0.006 | 0.008  | 0.024  | -0.05  | 0.049  | -0.036 | 0.081  | 0.009  |
| 7 | 0.002  | -0.007 | 0.004  | 0.001  | -0.031 | 0.015  | 0.009  | 0.036  |
+---+--------+--------+--------+--------+--------+--------+--------+--------+
2020-07-27 14:51:25.506 | INFO     | __main__:sample_analysis:57 - Residual autocorrelation
2020-07-27 14:51:25.507 | INFO     | __main__:sample_analysis:58 - +---+-------+--------+-------+
|   |  Lag1 |  Lag5  | Lag20 |
+---+-------+--------+-------+
| 0 | 0.079 | -0.013 | 0.018 |
+---+-------+--------+-------+
2020-07-27 14:51:25.507 | INFO     | __main__:sample_analysis:41 - Security is: 002483.XSHE
2020-07-27 14:51:25.515 | INFO     | __main__:sample_analysis:46 -                             OLS Regression Results                            
==============================================================================
Dep. Variable:                      y   R-squared:                       0.006
Model:                            OLS   Adj. R-squared:                  0.002
Method:                 Least Squares   F-statistic:                     1.340
Date:                Mon, 27 Jul 2020   Prob (F-statistic):              0.227
Time:                        14:51:25   Log-Likelihood:                 3273.7
No. Observations:                1463   AIC:                            -6531.
Df Residuals:                    1455   BIC:                            -6489.
Df Model:                           7                                         
Covariance Type:            nonrobust                                         
==============================================================================
                 coef    std err          t      P>|t|      [0.025      0.975]
------------------------------------------------------------------------------
const         -0.0001      0.001     -0.183      0.855      -0.002       0.001
market_cap     0.0015      0.003      0.580      0.562      -0.004       0.007
pe            -0.0003      0.002     -0.202      0.840      -0.003       0.003
pe_lyr        -0.0018      0.001     -1.369      0.171      -0.004       0.001
pb            -0.0002      0.002     -0.105      0.916      -0.005       0.004
ps            -0.0021      0.002     -1.192      0.233      -0.005       0.001
pcf           -0.0076      0.006     -1.180      0.238      -0.020       0.005
turnover      -0.0008      0.001     -0.656      0.512      -0.003       0.002
==============================================================================
Omnibus:                      155.956   Durbin-Watson:                   1.795
Prob(Omnibus):                  0.000   Jarque-Bera (JB):              973.296
Skew:                          -0.266   Prob(JB):                    4.48e-212
Kurtosis:                       6.960   Cond. No.                         16.5
==============================================================================

Warnings:
[1] Standard Errors assume that the covariance matrix of the errors is correctly specified.
2020-07-27 14:51:25.524 | INFO     | __main__:sample_analysis:54 - Covariance (bps)
2020-07-27 14:51:25.528 | INFO     | __main__:sample_analysis:55 - +---+--------+--------+--------+--------+--------+--------+--------+--------+
|   |   0    |   1    |   2    |   3    |   4    |   5    |   6    |   7    |
+---+--------+--------+--------+--------+--------+--------+--------+--------+
| 0 | 0.005  | 0.001  | 0.001  | -0.001 |  -0.0  | -0.002 | 0.015  | 0.005  |
| 1 | 0.001  | 0.086  | -0.013 | 0.007  | -0.047 | -0.023 | -0.029 | -0.011 |
| 2 | 0.001  | -0.013 | 0.015  | -0.01  |  0.01  | -0.008 | 0.005  | 0.012  |
| 3 | -0.001 | 0.007  | -0.01  | 0.018  | -0.004 | 0.004  | -0.008 | -0.004 |
| 4 |  -0.0  | -0.047 |  0.01  | -0.004 | 0.048  | -0.004 |  0.03  |  -0.0  |
| 5 | -0.002 | -0.023 | -0.008 | 0.004  | -0.004 | 0.031  | -0.004 | -0.003 |
| 6 | 0.015  | -0.029 | 0.005  | -0.008 |  0.03  | -0.004 | 0.421  | -0.004 |
| 7 | 0.005  | -0.011 | 0.012  | -0.004 |  -0.0  | -0.003 | -0.004 | 0.027  |
+---+--------+--------+--------+--------+--------+--------+--------+--------+
2020-07-27 14:51:25.530 | INFO     | __main__:sample_analysis:57 - Residual autocorrelation
2020-07-27 14:51:25.531 | INFO     | __main__:sample_analysis:58 - +---+-------+--------+-------+
|   |  Lag1 |  Lag5  | Lag20 |
+---+-------+--------+-------+
| 0 | 0.103 | -0.025 | 0.005 |
+---+-------+--------+-------+
2020-07-27 14:51:25.532 | INFO     | __main__:sample_analysis:41 - Security is: 000625.XSHE
2020-07-27 14:51:25.542 | INFO     | __main__:sample_analysis:46 -                             OLS Regression Results                            
==============================================================================
Dep. Variable:                      y   R-squared:                       0.010
Model:                            OLS   Adj. R-squared:                  0.006
Method:                 Least Squares   F-statistic:                     2.203
Date:                Mon, 27 Jul 2020   Prob (F-statistic):             0.0316
Time:                        14:51:25   Log-Likelihood:                 3377.3
No. Observations:                1463   AIC:                            -6739.
Df Residuals:                    1455   BIC:                            -6696.
Df Model:                           7                                         
Covariance Type:            nonrobust                                         
==============================================================================
                 coef    std err          t      P>|t|      [0.025      0.975]
------------------------------------------------------------------------------
const          0.0002      0.001      0.300      0.764      -0.001       0.001
market_cap    -0.0062      0.002     -3.512      0.000      -0.010      -0.003
pe            -0.0037      0.002     -2.195      0.028      -0.007      -0.000
pe_lyr        -0.0047      0.002     -2.710      0.007      -0.008      -0.001
pb            -0.0053      0.006     -0.854      0.393      -0.017       0.007
ps             0.0105      0.007      1.509      0.132      -0.003       0.024
pcf            0.0029      0.001      2.170      0.030       0.000       0.006
turnover       0.0004      0.001      0.448      0.655      -0.001       0.002
==============================================================================
Omnibus:                      172.129   Durbin-Watson:                   1.907
Prob(Omnibus):                  0.000   Jarque-Bera (JB):             1012.282
Skew:                           0.370   Prob(JB):                    1.53e-220
Kurtosis:                       7.007   Cond. No.                         24.4
==============================================================================

Warnings:
[1] Standard Errors assume that the covariance matrix of the errors is correctly specified.
2020-07-27 14:51:25.552 | INFO     | __main__:sample_analysis:54 - Covariance (bps)
2020-07-27 14:51:25.556 | INFO     | __main__:sample_analysis:55 - +---+--------+--------+--------+--------+--------+--------+--------+--------+
|   |   0    |   1    |   2    |   3    |   4    |   5    |   6    |   7    |
+---+--------+--------+--------+--------+--------+--------+--------+--------+
| 0 | 0.004  |  0.0   | 0.001  | 0.002  | 0.008  | -0.009 |  -0.0  | 0.002  |
| 1 |  0.0   | 0.033  | 0.014  | 0.026  |  0.06  | -0.084 | -0.009 | -0.009 |
| 2 | 0.001  | 0.014  |  0.04  | 0.022  | -0.052 | 0.027  | -0.003 | -0.001 |
| 3 | 0.002  | 0.026  | 0.022  | 0.032  | 0.026  | -0.051 | -0.008 | -0.007 |
| 4 | 0.008  |  0.06  | -0.052 | 0.026  | 0.521  | -0.534 | -0.017 | -0.026 |
| 5 | -0.009 | -0.084 | 0.027  | -0.051 | -0.534 | 0.578  | 0.019  | 0.027  |
| 6 |  -0.0  | -0.009 | -0.003 | -0.008 | -0.017 | 0.019  | 0.013  | 0.002  |
| 7 | 0.002  | -0.009 | -0.001 | -0.007 | -0.026 | 0.027  | 0.002  | 0.017  |
+---+--------+--------+--------+--------+--------+--------+--------+--------+
2020-07-27 14:51:25.558 | INFO     | __main__:sample_analysis:57 - Residual autocorrelation
2020-07-27 14:51:25.558 | INFO     | __main__:sample_analysis:58 - +---+-------+--------+-------+
|   |  Lag1 |  Lag5  | Lag20 |
+---+-------+--------+-------+
| 0 | 0.046 | -0.005 |  0.06 |
+---+-------+--------+-------+
2020-07-27 14:51:25.558 | INFO     | __main__:sample_analysis:41 - Security is: 000573.XSHE
2020-07-27 14:51:25.567 | INFO     | __main__:sample_analysis:46 -                             OLS Regression Results                            
==============================================================================
Dep. Variable:                      y   R-squared:                       0.005
Model:                            OLS   Adj. R-squared:                 -0.000
Method:                 Least Squares   F-statistic:                    0.9826
Date:                Mon, 27 Jul 2020   Prob (F-statistic):              0.442
Time:                        14:51:25   Log-Likelihood:                 3107.3
No. Observations:                1463   AIC:                            -6199.
Df Residuals:                    1455   BIC:                            -6156.
Df Model:                           7                                         
Covariance Type:            nonrobust                                         
==============================================================================
                 coef    std err          t      P>|t|      [0.025      0.975]
------------------------------------------------------------------------------
const          0.0002      0.001      0.270      0.787      -0.001       0.002
market_cap    -0.0217      0.011     -1.896      0.058      -0.044       0.001
pe            -0.0007      0.002     -0.325      0.745      -0.005       0.003
pe_lyr         0.0003      0.001      0.279      0.780      -0.002       0.003
pb             0.0210      0.013      1.648      0.100      -0.004       0.046
ps         -1.909e-05      0.002     -0.008      0.994      -0.005       0.005
pcf           -0.0008      0.003     -0.258      0.796      -0.007       0.005
turnover    5.979e-05      0.001      0.042      0.967      -0.003       0.003
==============================================================================
Omnibus:                      122.575   Durbin-Watson:                   1.835
Prob(Omnibus):                  0.000   Jarque-Bera (JB):              717.246
Skew:                          -0.003   Prob(JB):                    1.79e-156
Kurtosis:                       6.430   Cond. No.                         39.7
==============================================================================

Warnings:
[1] Standard Errors assume that the covariance matrix of the errors is correctly specified.
2020-07-27 14:51:25.577 | INFO     | __main__:sample_analysis:54 - Covariance (bps)
2020-07-27 14:51:25.581 | INFO     | __main__:sample_analysis:55 - +---+--------+--------+--------+--------+--------+--------+--------+--------+
|   |   0    |   1    |   2    |   3    |   4    |   5    |   6    |   7    |
+---+--------+--------+--------+--------+--------+--------+--------+--------+
| 0 | 0.011  | -0.01  | -0.006 | -0.001 | 0.005  | 0.003  | 0.023  | 0.001  |
| 1 | -0.01  | 0.734  |  0.02  | -0.02  | -0.809 |  0.08  | 0.012  | 0.021  |
| 2 | -0.006 |  0.02  | 0.054  | -0.011 | -0.021 | 0.023  | 0.029  | -0.001 |
| 3 | -0.001 | -0.02  | -0.011 | 0.022  | 0.038  | -0.018 | -0.032 | -0.008 |
| 4 | 0.005  | -0.809 | -0.021 | 0.038  | 0.929  | -0.114 | -0.04  | -0.039 |
| 5 | 0.003  |  0.08  | 0.023  | -0.018 | -0.114 | 0.046  | 0.045  | 0.002  |
| 6 | 0.023  | 0.012  | 0.029  | -0.032 | -0.04  | 0.045  | 0.192  | -0.027 |
| 7 | 0.001  | 0.021  | -0.001 | -0.008 | -0.039 | 0.002  | -0.027 |  0.04  |
+---+--------+--------+--------+--------+--------+--------+--------+--------+
2020-07-27 14:51:25.583 | INFO     | __main__:sample_analysis:57 - Residual autocorrelation
2020-07-27 14:51:25.584 | INFO     | __main__:sample_analysis:58 - +---+-------+--------+--------+
|   |  Lag1 |  Lag5  | Lag20  |
+---+-------+--------+--------+
| 0 | 0.082 | -0.002 | -0.039 |
+---+-------+--------+--------+
2020-07-27 14:51:25.584 | INFO     | __main__:sample_analysis:41 - Security is: 002216.XSHE
2020-07-27 14:51:25.593 | INFO     | __main__:sample_analysis:46 -                             OLS Regression Results                            
==============================================================================
Dep. Variable:                      y   R-squared:                       0.006
Model:                            OLS   Adj. R-squared:                  0.001
Method:                 Least Squares   F-statistic:                     1.224
Date:                Mon, 27 Jul 2020   Prob (F-statistic):              0.286
Time:                        14:51:25   Log-Likelihood:                 3262.3
No. Observations:                1463   AIC:                            -6509.
Df Residuals:                    1455   BIC:                            -6466.
Df Model:                           7                                         
Covariance Type:            nonrobust                                         
==============================================================================
                 coef    std err          t      P>|t|      [0.025      0.975]
------------------------------------------------------------------------------
const          0.0008      0.001      1.135      0.256      -0.001       0.002
market_cap     0.0004      0.004      0.098      0.922      -0.008       0.009
pe             0.0018      0.002      1.058      0.290      -0.002       0.005
pe_lyr        -0.0031      0.002     -1.809      0.071      -0.006       0.000
pb            -0.0020      0.009     -0.234      0.815      -0.019       0.015
ps             0.0008      0.006      0.142      0.887      -0.010       0.012
pcf            0.0024      0.002      1.555      0.120      -0.001       0.005
turnover    2.347e-05      0.001      0.022      0.983      -0.002       0.002
==============================================================================
Omnibus:                      128.161   Durbin-Watson:                   1.958
Prob(Omnibus):                  0.000   Jarque-Bera (JB):              672.793
Skew:                           0.203   Prob(JB):                    8.03e-147
Kurtosis:                       6.297   Cond. No.                         28.2
==============================================================================

Warnings:
[1] Standard Errors assume that the covariance matrix of the errors is correctly specified.
2020-07-27 14:51:25.602 | INFO     | __main__:sample_analysis:54 - Covariance (bps)
2020-07-27 14:51:25.606 | INFO     | __main__:sample_analysis:55 - +---+--------+--------+--------+--------+--------+-------+--------+--------+
|   |   0    |   1    |   2    |   3    |   4    |   5   |   6    |   7    |
+---+--------+--------+--------+--------+--------+-------+--------+--------+
| 0 | 0.005  | 0.009  | -0.002 |  0.0   | -0.019 | 0.012 |  0.0   | 0.003  |
| 1 | 0.009  | 0.182  | -0.011 | 0.017  | -0.313 | 0.157 | -0.019 | -0.011 |
| 2 | -0.002 | -0.011 | 0.022  | -0.019 | 0.048  | -0.04 | 0.001  | -0.006 |
| 3 |  0.0   | 0.017  | -0.019 | 0.023  | -0.051 | 0.038 | -0.009 | 0.002  |
| 4 | -0.019 | -0.313 | 0.048  | -0.051 | 0.768  | -0.48 | 0.001  | -0.01  |
| 5 | 0.012  | 0.157  | -0.04  | 0.038  | -0.48  | 0.338 | 0.014  | 0.011  |
| 6 |  0.0   | -0.019 | 0.001  | -0.009 | 0.001  | 0.014 | 0.024  | 0.006  |
| 7 | 0.003  | -0.011 | -0.006 | 0.002  | -0.01  | 0.011 | 0.006  | 0.023  |
+---+--------+--------+--------+--------+--------+-------+--------+--------+
2020-07-27 14:51:25.608 | INFO     | __main__:sample_analysis:57 - Residual autocorrelation
2020-07-27 14:51:25.609 | INFO     | __main__:sample_analysis:58 - +---+-------+-------+-------+
|   |  Lag1 |  Lag5 | Lag20 |
+---+-------+-------+-------+
| 0 | 0.021 | 0.005 | 0.003 |
+---+-------+-------+-------+
2020-07-27 14:51:25.609 | INFO     | __main__:sample_analysis:41 - Security is: 002521.XSHE
2020-07-27 14:51:25.620 | INFO     | __main__:sample_analysis:46 -                             OLS Regression Results                            
==============================================================================
Dep. Variable:                      y   R-squared:                       0.010
Model:                            OLS   Adj. R-squared:                  0.006
Method:                 Least Squares   F-statistic:                     2.187
Date:                Mon, 27 Jul 2020   Prob (F-statistic):             0.0329
Time:                        14:51:25   Log-Likelihood:                 3417.1
No. Observations:                1463   AIC:                            -6818.
Df Residuals:                    1455   BIC:                            -6776.
Df Model:                           7                                         
Covariance Type:            nonrobust                                         
==============================================================================
                 coef    std err          t      P>|t|      [0.025      0.975]
------------------------------------------------------------------------------
const      -7.148e-06      0.001     -0.011      0.991      -0.001       0.001
market_cap    -0.0034      0.002     -1.857      0.064      -0.007       0.000
pe            -0.0012      0.002     -0.722      0.470      -0.004       0.002
pe_lyr        -0.0002      0.001     -0.173      0.863      -0.002       0.002
pb            -0.0027      0.002     -1.147      0.252      -0.007       0.002
ps             0.0044      0.003      1.329      0.184      -0.002       0.011
pcf            0.0010      0.002      0.618      0.537      -0.002       0.004
turnover      -0.0007      0.001     -0.730      0.466      -0.003       0.001
==============================================================================
Omnibus:                      206.874   Durbin-Watson:                   1.991
Prob(Omnibus):                  0.000   Jarque-Bera (JB):             1478.559
Skew:                          -0.435   Prob(JB):                         0.00
Kurtosis:                       7.848   Cond. No.                         13.0
==============================================================================

Warnings:
[1] Standard Errors assume that the covariance matrix of the errors is correctly specified.
2020-07-27 14:51:25.630 | INFO     | __main__:sample_analysis:54 - Covariance (bps)
2020-07-27 14:51:25.634 | INFO     | __main__:sample_analysis:55 - +---+--------+--------+--------+--------+--------+--------+--------+--------+
|   |   0    |   1    |   2    |   3    |   4    |   5    |   6    |   7    |
+---+--------+--------+--------+--------+--------+--------+--------+--------+
| 0 | 0.005  | -0.004 | 0.003  | 0.001  | -0.002 | 0.007  | 0.006  | 0.002  |
| 1 | -0.004 | 0.026  | -0.012 | -0.004 | 0.019  | -0.043 | -0.019 | 0.011  |
| 2 | 0.003  | -0.012 | 0.023  | -0.001 | 0.002  | 0.018  | 0.009  | -0.008 |
| 3 | 0.001  | -0.004 | -0.001 | 0.005  | -0.008 |  0.01  | 0.004  |  -0.0  |
| 4 | -0.002 | 0.019  | 0.002  | -0.008 | 0.061  | -0.065 | -0.022 | 0.005  |
| 5 | 0.007  | -0.043 | 0.018  |  0.01  | -0.065 | 0.105  | 0.038  | -0.023 |
| 6 | 0.006  | -0.019 | 0.009  | 0.004  | -0.022 | 0.038  | 0.032  | -0.007 |
| 7 | 0.002  | 0.011  | -0.008 |  -0.0  | 0.005  | -0.023 | -0.007 | 0.023  |
+---+--------+--------+--------+--------+--------+--------+--------+--------+
2020-07-27 14:51:25.635 | INFO     | __main__:sample_analysis:57 - Residual autocorrelation
2020-07-27 14:51:25.636 | INFO     | __main__:sample_analysis:58 - +---+-------+-------+--------+
|   |  Lag1 |  Lag5 | Lag20  |
+---+-------+-------+--------+
| 0 | 0.004 | 0.032 | -0.013 |
+---+-------+-------+--------+
2020-07-27 14:51:25.636 | INFO     | __main__:sample_analysis:41 - Security is: 002339.XSHE
2020-07-27 14:51:25.645 | INFO     | __main__:sample_analysis:46 -                             OLS Regression Results                            
==============================================================================
Dep. Variable:                      y   R-squared:                       0.008
Model:                            OLS   Adj. R-squared:                  0.004
Method:                 Least Squares   F-statistic:                     1.734
Date:                Mon, 27 Jul 2020   Prob (F-statistic):             0.0971
Time:                        14:51:25   Log-Likelihood:                 2956.7
No. Observations:                1463   AIC:                            -5897.
Df Residuals:                    1455   BIC:                            -5855.
Df Model:                           7                                         
Covariance Type:            nonrobust                                         
==============================================================================
                 coef    std err          t      P>|t|      [0.025      0.975]
------------------------------------------------------------------------------
const          0.0005      0.001      0.529      0.597      -0.001       0.002
market_cap    -0.0091      0.009     -1.029      0.304      -0.026       0.008
pe         -4.295e-05      0.002     -0.018      0.986      -0.005       0.005
pe_lyr        -0.0040      0.002     -1.653      0.098      -0.009       0.001
pb             0.0179      0.018      0.990      0.322      -0.018       0.053
ps            -0.0072      0.011     -0.686      0.493      -0.028       0.013
pcf            0.0014      0.001      0.931      0.352      -0.002       0.004
turnover       0.0011      0.001      0.886      0.376      -0.001       0.004
==============================================================================
Omnibus:                       98.765   Durbin-Watson:                   1.807
Prob(Omnibus):                  0.000   Jarque-Bera (JB):              455.002
Skew:                           0.004   Prob(JB):                     1.58e-99
Kurtosis:                       5.732   Cond. No.                         52.2
==============================================================================

Warnings:
[1] Standard Errors assume that the covariance matrix of the errors is correctly specified.
2020-07-27 14:51:25.655 | INFO     | __main__:sample_analysis:54 - Covariance (bps)
2020-07-27 14:51:25.658 | INFO     | __main__:sample_analysis:55 - +---+--------+--------+--------+--------+--------+--------+--------+--------+
|   |   0    |   1    |   2    |   3    |   4    |   5    |   6    |   7    |
+---+--------+--------+--------+--------+--------+--------+--------+--------+
| 0 | 0.008  | -0.02  | 0.004  | -0.001 | 0.045  | -0.022 | 0.004  | 0.003  |
| 1 | -0.02  |  1.02  | -0.12  | 0.024  | -2.113 | 1.136  | -0.048 | -0.027 |
| 2 | 0.004  | -0.12  | 0.042  | -0.025 | 0.285  | -0.161 | 0.009  | 0.006  |
| 3 | -0.001 | 0.024  | -0.025 | 0.051  | -0.149 | 0.099  | -0.019 | -0.001 |
| 4 | 0.045  | -2.113 | 0.285  | -0.149 | 4.796  | -2.697 |  0.15  | 0.048  |
| 5 | -0.022 | 1.136  | -0.161 | 0.099  | -2.697 | 1.579  | -0.085 | -0.041 |
| 6 | 0.004  | -0.048 | 0.009  | -0.019 |  0.15  | -0.085 | 0.032  | -0.007 |
| 7 | 0.003  | -0.027 | 0.006  | -0.001 | 0.048  | -0.041 | -0.007 |  0.03  |
+---+--------+--------+--------+--------+--------+--------+--------+--------+
2020-07-27 14:51:25.660 | INFO     | __main__:sample_analysis:57 - Residual autocorrelation
2020-07-27 14:51:25.661 | INFO     | __main__:sample_analysis:58 - +---+-------+-------+-------+
|   |  Lag1 |  Lag5 | Lag20 |
+---+-------+-------+-------+
| 0 | 0.095 | 0.006 | 0.018 |
+---+-------+-------+-------+
2020-07-27 14:51:25.661 | INFO     | __main__:sample_analysis:41 - Security is: 002113.XSHE
2020-07-27 14:51:25.670 | INFO     | __main__:sample_analysis:46 -                             OLS Regression Results                            
==============================================================================
Dep. Variable:                      y   R-squared:                       0.008
Model:                            OLS   Adj. R-squared:                  0.003
Method:                 Least Squares   F-statistic:                     1.664
Date:                Mon, 27 Jul 2020   Prob (F-statistic):              0.114
Time:                        14:51:25   Log-Likelihood:                 2819.5
No. Observations:                1463   AIC:                            -5623.
Df Residuals:                    1455   BIC:                            -5581.
Df Model:                           7                                         
Covariance Type:            nonrobust                                         
==============================================================================
                 coef    std err          t      P>|t|      [0.025      0.975]
------------------------------------------------------------------------------
const          0.0007      0.001      0.555      0.579      -0.002       0.003
market_cap    -0.0026      0.001     -2.289      0.022      -0.005      -0.000
pe             0.0016      0.005      0.330      0.741      -0.008       0.011
pe_lyr        -0.0013      0.002     -0.755      0.451      -0.005       0.002
pb             0.0002      0.002      0.087      0.931      -0.004       0.005
ps             0.0031      0.002      1.506      0.132      -0.001       0.007
pcf            0.0021      0.002      0.870      0.385      -0.003       0.007
turnover      -0.0007      0.001     -0.494      0.622      -0.003       0.002
==============================================================================
Omnibus:                       79.036   Durbin-Watson:                   1.567
Prob(Omnibus):                  0.000   Jarque-Bera (JB):              284.623
Skew:                           0.088   Prob(JB):                     1.57e-62
Kurtosis:                       5.154   Cond. No.                         7.63
==============================================================================

Warnings:
[1] Standard Errors assume that the covariance matrix of the errors is correctly specified.
2020-07-27 14:51:25.680 | INFO     | __main__:sample_analysis:54 - Covariance (bps)
2020-07-27 14:51:25.684 | INFO     | __main__:sample_analysis:55 - +---+--------+--------+--------+--------+--------+--------+--------+--------+
|   |   0    |   1    |   2    |   3    |   4    |   5    |   6    |   7    |
+---+--------+--------+--------+--------+--------+--------+--------+--------+
| 0 | 0.024  | -0.002 | -0.079 | -0.009 | -0.001 | -0.002 | -0.008 | 0.008  |
| 1 | -0.002 | 0.008  | 0.007  | 0.002  | 0.006  | -0.01  | 0.008  | 0.004  |
| 2 | -0.079 | 0.007  | 0.431  | 0.066  | -0.005 | 0.028  | 0.045  | 0.004  |
| 3 | -0.009 | 0.002  | 0.066  | 0.037  | -0.015 | 0.012  | 0.008  | -0.006 |
| 4 | -0.001 | 0.006  | -0.005 | -0.015 | 0.039  | -0.034 | 0.022  | 0.008  |
| 5 | -0.002 | -0.01  | 0.028  | 0.012  | -0.034 | 0.053  | -0.026 | -0.015 |
| 6 | -0.008 | 0.008  | 0.045  | 0.008  | 0.022  | -0.026 | 0.076  | 0.003  |
| 7 | 0.008  | 0.004  | 0.004  | -0.006 | 0.008  | -0.015 | 0.003  | 0.035  |
+---+--------+--------+--------+--------+--------+--------+--------+--------+
2020-07-27 14:51:25.686 | INFO     | __main__:sample_analysis:57 - Residual autocorrelation
2020-07-27 14:51:25.687 | INFO     | __main__:sample_analysis:58 - +---+-------+--------+--------+
|   |  Lag1 |  Lag5  | Lag20  |
+---+-------+--------+--------+
| 0 | 0.216 | -0.008 | -0.015 |
+---+-------+--------+--------+
2020-07-27 14:51:36.632 | INFO     | __main__:one_step_time_series_fit:82 - Mean Coefficient for all assets
2020-07-27 14:51:36.633 | INFO     | __main__:one_step_time_series_fit:83 - +------------+----------+
|            |   Coef   |
+------------+----------+
|   const    | 0.00059  |
| market_cap | -0.00295 |
|     pe     | -0.00036 |
|   pe_lyr   | 0.00037  |
|     pb     | 0.00024  |
|     ps     | 0.00047  |
|    pcf     |  5e-05   |
|  turnover  | -0.00043 |
+------------+----------+
2020-07-27 14:51:36.635 | INFO     | __main__:one_step_time_series_fit:86 - Standard error of coefficient
2020-07-27 14:51:36.636 | INFO     | __main__:one_step_time_series_fit:87 - +------------+----------------+
|            | Standard error |
+------------+----------------+
|   const    |    0.00072     |
| market_cap |    0.00664     |
|     pe     |    0.00486     |
|   pe_lyr   |    0.00353     |
|     pb     |    0.00723     |
|     ps     |    0.00832     |
|    pcf     |    0.00223     |
|  turnover  |    0.00214     |
+------------+----------------+
2020-07-27 14:51:36.637 | INFO     | __main__:one_step_time_series_fit:91 - Coef T-stats
2020-07-27 14:51:36.639 | INFO     | __main__:one_step_time_series_fit:92 - +------------+---------+
|            | t-stats |
+------------+---------+
|   const    |  0.814  |
| market_cap |  -0.444 |
|     pe     |  -0.074 |
|   pe_lyr   |  0.103  |
|     pb     |  0.033  |
|     ps     |  0.057  |
|    pcf     |  0.023  |
|  turnover  |  -0.201 |
+------------+---------+
2020-07-27 14:52:59.621 | INFO     | __main__:<module>:149 - R2
2020-07-27 14:52:59.625 | INFO     | __main__:<module>:150 - +-------+---------+
|       |    R2   |
+-------+---------+
| count |  1866.0 |
|  mean |  0.0008 |
|  std  |  0.0039 |
|  min  | -0.0187 |
|  25%  | -0.0013 |
|  50%  |  0.0013 |
|  75%  |  0.0033 |
|  max  |  0.0134 |
+-------+---------+
2020-07-27 14:52:59.626 | INFO     | __main__:<module>:151 - Adj R2
2020-07-27 14:52:59.631 | INFO     | __main__:<module>:152 - +-------+---------+
|       |  Adj R2 |
+-------+---------+
| count |  1866.0 |
|  mean | -0.0047 |
|  std  |  0.0039 |
|  min  | -0.0255 |
|  25%  | -0.0068 |
|  50%  | -0.0042 |
|  75%  | -0.0022 |
|  max  |  0.0075 |
+-------+---------+
2020-07-27 14:52:59.632 | INFO     | __main__:<module>:153 - Residual autocorrelation
2020-07-27 14:52:59.640 | INFO     | __main__:<module>:154 - +-------+---------+---------+---------+
|       |   Lag1  |   Lag5  |  Lag20  |
+-------+---------+---------+---------+
| count |  1866.0 |  1866.0 |  1866.0 |
|  mean |  0.0987 |  -0.002 |  0.0119 |
|  std  |  0.0516 |  0.0317 |  0.0326 |
|  min  | -0.0582 | -0.0976 | -0.1165 |
|  25%  |  0.062  | -0.0227 | -0.0083 |
|  50%  |  0.0975 | -0.0029 |  0.0116 |
|  75%  |  0.1324 |  0.0178 |  0.0323 |
|  max  |  0.2816 |  0.1795 |  0.1295 |
+-------+---------+---------+---------+
